{
  "RSpec": {
    "coverage": {
      "/home/mwolford/tic-tac-toe-rb-online-web-sp-000/lib/tic_tac_toe.rb": [
        null,
        1,
        null,
        null,
        null,
        null,
        null,
        null,
        null,
        null,
        null,
        1,
        7,
        7,
        7,
        7,
        7,
        null,
        null,
        1,
        6,
        null,
        null,
        1,
        5,
        null,
        null,
        1,
        46,
        null,
        null,
        1,
        6,
        4,
        3,
        null,
        null,
        null,
        null,
        1,
        50,
        null,
        null,
        1,
        4,
        null,
        null,
        1,
        3,
        3,
        3,
        3,
        3,
        2,
        2,
        null,
        1,
        null,
        null,
        null,
        1,
        27,
        149,
        null,
        null,
        null,
        null,
        null,
        1,
        105,
        null,
        null,
        1,
        7,
        null,
        null,
        1,
        11,
        null,
        null,
        1,
        6,
        5,
        null,
        null,
        null,
        1,
        12,
        7,
        null,
        5,
        3,
        2,
        2,
        null,
        null
      ]
    },
    "timestamp": 1611281536
  }
}
